Arguments: 
  C:\Program Files\nodejs\node.exe C:\Program Files\nodejs\node_modules\yarn\bin\yarn.js add express

PATH: 
  C:\Program Files\Common Files\Oracle\Java\javapath;C:\Program Files (x86)\Common Files\Oracle\Java\javapath;C:\WINDOWS\system32;C:\WINDOWS;C:\WINDOWS\System32\Wbem;C:\WINDOWS\System32\WindowsPowerShell\v1.0\;C:\WINDOWS\System32\OpenSSH\;C:\Program Files\Git\cmd;C:\Program Files\Docker\Docker\resources\bin;C:\xampp\php;C:\Program Files\Microsoft SQL Server\Client SDK\ODBC\170\Tools\Binn\;C:\Program Files (x86)\Microsoft SQL Server\150\Tools\Binn\;C:\Program Files\Microsoft SQL Server\150\Tools\Binn\;C:\Program Files\Microsoft SQL Server\150\DTS\Binn\;C:\Program Files (x86)\Microsoft SQL Server\150\DTS\Binn\;C:\Program Files\Azure Data Studio\bin;C:\Program Files\MongoDB\Server\6.0\mongosh\bin;C:\Program Files\Microsoft\Azure Functions Core Tools\;C:\Users\TTruc\AppData\Roaming\nvm;C:\Program Files\nodejs;C:\Program Files\Go\bin;C:\Users\TTruc\AppData\Local\Programs\Python\Python310\Scripts\;C:\Users\TTruc\AppData\Local\Programs\Python\Python310\;C:\Users\TTruc\AppData\Local\Programs\Microsoft VS Code\bin;C:\Program Files\heroku\bin;C:\Users\TTruc\AppData\Local\Microsoft\WindowsApps;C:\Users\TTruc\go\bin;C:\Program Files\PostgreSQL\15\bin

Yarn version: 
  1.22.19

Node version: 
  18.0.0

Platform: 
  win32 x64

Trace: 
  Error: getaddrinfo ENOTFOUND registry.yarnpkg.com
      at GetAddrInfoReqWrap.onlookup [as oncomplete] (node:dns:83:26)

npm manifest: 
  {
    "name": "ringcentral-integration-node",
    "version": "1.0.0",
    "private": true,
    "description": "RingCentral Proof of Concepts Webhook Integration Test",
    "main": "index.js",
    "repository": "https://github.com/itsronalds/ringcentral-integration-node.git",
    "author": "Ronald Abu Saleh <ronald.abusaleh@gmail.com>",
    "license": "MIT",
    "scripts": {
      "start": "node ./src/",
      "dev": "nodemon --exec ./src/"
    }
  }

yarn manifest: 
  No manifest

Lockfile: 
  No lockfile
